0 info it worked if it ends with ok
1 verbose cli [ 'C:\\Program Files\\nodejs\\node.exe',
1 verbose cli   'C:\\Program Files\\nodejs\\node_modules\\npm\\bin\\npm-cli.js',
1 verbose cli   'i',
1 verbose cli   'sequelize',
1 verbose cli   '-savecd',
1 verbose cli   'Sources' ]
2 info using npm@4.0.5
3 info using node@v7.4.0
4 silly loadCurrentTree Starting
5 silly install loadCurrentTree
6 silly install readLocalPackageData
7 silly fetchPackageMetaData sequelize
8 silly fetchPackageMetaData Sources
9 silly fetchNamedPackageData sequelize
10 silly mapToRegistry name sequelize
11 silly mapToRegistry using default registry
12 silly mapToRegistry registry https://registry.npmjs.org/
13 silly mapToRegistry data Result {
13 silly mapToRegistry   raw: 'sequelize',
13 silly mapToRegistry   scope: null,
13 silly mapToRegistry   escapedName: 'sequelize',
13 silly mapToRegistry   name: 'sequelize',
13 silly mapToRegistry   rawSpec: '',
13 silly mapToRegistry   spec: 'latest',
13 silly mapToRegistry   type: 'tag' }
14 silly mapToRegistry uri https://registry.npmjs.org/sequelize
15 silly fetchNamedPackageData Sources
16 silly mapToRegistry name Sources
17 silly mapToRegistry using default registry
18 silly mapToRegistry registry https://registry.npmjs.org/
19 silly mapToRegistry data Result {
19 silly mapToRegistry   raw: 'Sources',
19 silly mapToRegistry   scope: null,
19 silly mapToRegistry   escapedName: 'Sources',
19 silly mapToRegistry   name: 'Sources',
19 silly mapToRegistry   rawSpec: '',
19 silly mapToRegistry   spec: 'latest',
19 silly mapToRegistry   type: 'tag' }
20 silly mapToRegistry uri https://registry.npmjs.org/Sources
21 verbose request uri https://registry.npmjs.org/Sources
22 verbose request no auth needed
23 info attempt registry request try #1 at 4:10:59 PM
24 verbose request using bearer token for auth
25 verbose request id 0be0786669bd7559
26 http request GET https://registry.npmjs.org/Sources
27 verbose request uri https://registry.npmjs.org/sequelize
28 verbose request no auth needed
29 info attempt registry request try #1 at 4:10:59 PM
30 verbose request using bearer token for auth
31 verbose etag W/"5890b511-7ce52"
32 verbose lastModified Tue, 31 Jan 2017 16:02:25 GMT
33 http request GET https://registry.npmjs.org/sequelize
34 http 304 https://registry.npmjs.org/sequelize
35 verbose headers { server: 'nginx/1.10.1',
35 verbose headers   'last-modified': 'Tue, 31 Jan 2017 16:02:25 GMT',
35 verbose headers   etag: '"5890b511-7ce52"',
35 verbose headers   'cache-control': 'max-age=300',
35 verbose headers   'accept-ranges': 'bytes',
35 verbose headers   date: 'Thu, 02 Feb 2017 15:10:59 GMT',
35 verbose headers   via: '1.1 varnish',
35 verbose headers   connection: 'keep-alive',
35 verbose headers   'x-served-by': 'cache-lcy1133-LCY',
35 verbose headers   'x-cache': 'MISS',
35 verbose headers   'x-cache-hits': '0',
35 verbose headers   'x-timer': 'S1486048259.513147,VS0,VE18',
35 verbose headers   vary: 'Accept-Encoding' }
36 silly get cb [ 304,
36 silly get   { server: 'nginx/1.10.1',
36 silly get     'last-modified': 'Tue, 31 Jan 2017 16:02:25 GMT',
36 silly get     etag: '"5890b511-7ce52"',
36 silly get     'cache-control': 'max-age=300',
36 silly get     'accept-ranges': 'bytes',
36 silly get     date: 'Thu, 02 Feb 2017 15:10:59 GMT',
36 silly get     via: '1.1 varnish',
36 silly get     connection: 'keep-alive',
36 silly get     'x-served-by': 'cache-lcy1133-LCY',
36 silly get     'x-cache': 'MISS',
36 silly get     'x-cache-hits': '0',
36 silly get     'x-timer': 'S1486048259.513147,VS0,VE18',
36 silly get     vary: 'Accept-Encoding' } ]
37 verbose etag https://registry.npmjs.org/sequelize from cache
38 verbose get saving sequelize to C:\Users\mbonjour\AppData\Roaming\npm-cache\registry.npmjs.org\sequelize\.cache.json
39 verbose correctMkdir C:\Users\mbonjour\AppData\Roaming\npm-cache correctMkdir not in flight; initializing
40 http 404 https://registry.npmjs.org/Sources
41 verbose headers { 'content-type': 'application/json',
41 verbose headers   'cache-control': 'max-age=0',
41 verbose headers   'content-length': '2',
41 verbose headers   'accept-ranges': 'bytes',
41 verbose headers   date: 'Thu, 02 Feb 2017 15:10:59 GMT',
41 verbose headers   via: '1.1 varnish',
41 verbose headers   connection: 'keep-alive',
41 verbose headers   'x-served-by': 'cache-lcy1126-LCY',
41 verbose headers   'x-cache': 'MISS',
41 verbose headers   'x-cache-hits': '0',
41 verbose headers   'x-timer': 'S1486048259.513786,VS0,VE363',
41 verbose headers   vary: 'Accept-Encoding' }
42 silly get cb [ 404,
42 silly get   { 'content-type': 'application/json',
42 silly get     'cache-control': 'max-age=0',
42 silly get     'content-length': '2',
42 silly get     'accept-ranges': 'bytes',
42 silly get     date: 'Thu, 02 Feb 2017 15:10:59 GMT',
42 silly get     via: '1.1 varnish',
42 silly get     connection: 'keep-alive',
42 silly get     'x-served-by': 'cache-lcy1126-LCY',
42 silly get     'x-cache': 'MISS',
42 silly get     'x-cache-hits': '0',
42 silly get     'x-timer': 'S1486048259.513786,VS0,VE363',
42 silly get     vary: 'Accept-Encoding' } ]
43 silly fetchPackageMetaData Error: Registry returned 404 for GET on https://registry.npmjs.org/Sources
43 silly fetchPackageMetaData     at makeError (C:\Program Files\nodejs\node_modules\npm\node_modules\npm-registry-client\lib\request.js:302:12)
43 silly fetchPackageMetaData     at CachingRegistryClient.<anonymous> (C:\Program Files\nodejs\node_modules\npm\node_modules\npm-registry-client\lib\request.js:280:14)
43 silly fetchPackageMetaData     at Request._callback (C:\Program Files\nodejs\node_modules\npm\node_modules\npm-registry-client\lib\request.js:210:14)
43 silly fetchPackageMetaData     at Request.self.callback (C:\Program Files\nodejs\node_modules\npm\node_modules\request\request.js:186:22)
43 silly fetchPackageMetaData     at emitTwo (events.js:106:13)
43 silly fetchPackageMetaData     at Request.emit (events.js:191:7)
43 silly fetchPackageMetaData     at Request.<anonymous> (C:\Program Files\nodejs\node_modules\npm\node_modules\request\request.js:1081:10)
43 silly fetchPackageMetaData     at emitOne (events.js:96:13)
43 silly fetchPackageMetaData     at Request.emit (events.js:188:7)
43 silly fetchPackageMetaData     at IncomingMessage.<anonymous> (C:\Program Files\nodejs\node_modules\npm\node_modules\request\request.js:1001:12)
43 silly fetchPackageMetaData  error for Sources { Error: Registry returned 404 for GET on https://registry.npmjs.org/Sources
43 silly fetchPackageMetaData     at makeError (C:\Program Files\nodejs\node_modules\npm\node_modules\npm-registry-client\lib\request.js:302:12)
43 silly fetchPackageMetaData     at CachingRegistryClient.<anonymous> (C:\Program Files\nodejs\node_modules\npm\node_modules\npm-registry-client\lib\request.js:280:14)
43 silly fetchPackageMetaData     at Request._callback (C:\Program Files\nodejs\node_modules\npm\node_modules\npm-registry-client\lib\request.js:210:14)
43 silly fetchPackageMetaData     at Request.self.callback (C:\Program Files\nodejs\node_modules\npm\node_modules\request\request.js:186:22)
43 silly fetchPackageMetaData     at emitTwo (events.js:106:13)
43 silly fetchPackageMetaData     at Request.emit (events.js:191:7)
43 silly fetchPackageMetaData     at Request.<anonymous> (C:\Program Files\nodejs\node_modules\npm\node_modules\request\request.js:1081:10)
43 silly fetchPackageMetaData     at emitOne (events.js:96:13)
43 silly fetchPackageMetaData     at Request.emit (events.js:188:7)
43 silly fetchPackageMetaData     at IncomingMessage.<anonymous> (C:\Program Files\nodejs\node_modules\npm\node_modules\request\request.js:1001:12) pkgid: 'Sources', statusCode: 404, code: 'E404' }
44 silly rollbackFailedOptional Starting
45 silly rollbackFailedOptional Finishing
46 silly runTopLevelLifecycles Finishing
47 silly install printInstalled
48 verbose stack Error: Registry returned 404 for GET on https://registry.npmjs.org/Sources
48 verbose stack     at makeError (C:\Program Files\nodejs\node_modules\npm\node_modules\npm-registry-client\lib\request.js:302:12)
48 verbose stack     at CachingRegistryClient.<anonymous> (C:\Program Files\nodejs\node_modules\npm\node_modules\npm-registry-client\lib\request.js:280:14)
48 verbose stack     at Request._callback (C:\Program Files\nodejs\node_modules\npm\node_modules\npm-registry-client\lib\request.js:210:14)
48 verbose stack     at Request.self.callback (C:\Program Files\nodejs\node_modules\npm\node_modules\request\request.js:186:22)
48 verbose stack     at emitTwo (events.js:106:13)
48 verbose stack     at Request.emit (events.js:191:7)
48 verbose stack     at Request.<anonymous> (C:\Program Files\nodejs\node_modules\npm\node_modules\request\request.js:1081:10)
48 verbose stack     at emitOne (events.js:96:13)
48 verbose stack     at Request.emit (events.js:188:7)
48 verbose stack     at IncomingMessage.<anonymous> (C:\Program Files\nodejs\node_modules\npm\node_modules\request\request.js:1001:12)
49 verbose statusCode 404
50 verbose pkgid Sources
51 verbose cwd C:\Users\mbonjour\Documents\Shoot4Stats
52 error Windows_NT 10.0.14393
53 error argv "C:\\Program Files\\nodejs\\node.exe" "C:\\Program Files\\nodejs\\node_modules\\npm\\bin\\npm-cli.js" "i" "sequelize" "-savecd" "Sources"
54 error node v7.4.0
55 error npm  v4.0.5
56 error code E404
57 error 404 Registry returned 404 for GET on https://registry.npmjs.org/Sources
58 error 404
59 error 404 'Sources' is not in the npm registry.
60 error 404 Your package name is not valid, because
61 error 404 1. name can no longer contain capital letters
62 error 404 Note that you can also install from a
63 error 404 tarball, folder, http url, or git url.
64 verbose exit [ 1, true ]
